app/build/intermediates/manifest_merge_blame_file/debug/manifest-merger-blame-debug-report.txt
1<?xml version="1.0" encoding="utf-8"?>
2<manifest xmlns:android="http://schemas.android.com/apk/res/android"
3    package="com.example.notiflistener"
4    android:versionCode="1"
5    android:versionName="1.0" >
6
7    <uses-sdk
8        android:minSdkVersion="28"
8-->src\main\AndroidManifest.xml
9        android:targetSdkVersion="32" />
9-->src\main\AndroidManifest.xml
10
11    <uses-permission android:name="android.permission.VIBRATE" />
11-->src\main\AndroidManifest.xml:4:5-67
11-->src\main\AndroidManifest.xml:4:22-65
12    <uses-permission android:name="android.permission.INTERNET" />
12-->src\main\AndroidManifest.xml:5:5-66
12-->src\main\AndroidManifest.xml:5:22-64
13
14    <application
14-->src\main\AndroidManifest.xml:6:5-31:19
15        android:allowBackup="true"
15-->src\main\AndroidManifest.xml:7:9-37
16        android:appComponentFactory="androidx.core.app.CoreComponentFactory"
16-->[androidx.core:core:1.7.0] AndroidManifest.xml:24:18-86
17        android:debuggable="true"
18        android:extractNativeLibs="false"
19        android:icon="@mipmap/ic_launcher"
19-->src\main\AndroidManifest.xml:8:9-45
20        android:label="@string/app_name"
20-->src\main\AndroidManifest.xml:9:9-43
21        android:roundIcon="@mipmap/ic_launcher_round"
21-->src\main\AndroidManifest.xml:10:9-56
22        android:supportsRtl="true"
22-->src\main\AndroidManifest.xml:11:9-37
23        android:testOnly="true"
24        android:theme="@style/Theme.NotifListener" >
24-->src\main\AndroidManifest.xml:12:9-51
25        <activity
25-->src\main\AndroidManifest.xml:14:9-20:20
26            android:name="com.example.notiflistener.MainActivity"
26-->src\main\AndroidManifest.xml:14:19-49
27            android:exported="true" >
27-->src\main\AndroidManifest.xml:15:13-36
28            <intent-filter>
28-->src\main\AndroidManifest.xml:16:13-19:29
29                <action android:name="android.intent.action.MAIN" />
29-->src\main\AndroidManifest.xml:17:17-70
29-->src\main\AndroidManifest.xml:17:25-68
30
31                <category android:name="android.intent.category.LAUNCHER" />
31-->src\main\AndroidManifest.xml:18:17-78
31-->src\main\AndroidManifest.xml:18:27-76
32            </intent-filter>
33        </activity>
34
35        <service
35-->src\main\AndroidManifest.xml:22:9-30:19
36            android:name="com.example.notiflistener.NotificationService"
36-->src\main\AndroidManifest.xml:23:13-50
37            android:exported="true"
37-->src\main\AndroidManifest.xml:26:13-36
38            android:label="@string/app_name"
38-->src\main\AndroidManifest.xml:24:13-47
39            android:permission="android.permission.BIND_NOTIFICATION_LISTENER_SERVICE" >
39-->src\main\AndroidManifest.xml:25:13-89
40            <intent-filter>
40-->src\main\AndroidManifest.xml:27:13-29:29
41                <action android:name="android.service.notification.NotificationListenerService" />
41-->src\main\AndroidManifest.xml:28:17-100
41-->src\main\AndroidManifest.xml:28:25-98
42            </intent-filter>
43        </service>
44
45        <provider
45-->[androidx.emoji2:emoji2:1.0.0] AndroidManifest.xml:26:9-34:20
46            android:name="androidx.startup.InitializationProvider"
46-->[androidx.emoji2:emoji2:1.0.0] AndroidManifest.xml:27:13-67
47            android:authorities="com.example.notiflistener.androidx-startup"
47-->[androidx.emoji2:emoji2:1.0.0] AndroidManifest.xml:28:13-68
48            android:exported="false" >
48-->[androidx.emoji2:emoji2:1.0.0] AndroidManifest.xml:29:13-37
49            <meta-data
49-->[androidx.emoji2:emoji2:1.0.0] AndroidManifest.xml:31:13-33:52
50                android:name="androidx.emoji2.text.EmojiCompatInitializer"
50-->[androidx.emoji2:emoji2:1.0.0] AndroidManifest.xml:32:17-75
51                android:value="androidx.startup" />
51-->[androidx.emoji2:emoji2:1.0.0] AndroidManifest.xml:33:17-49
52            <meta-data
52-->[androidx.lifecycle:lifecycle-process:2.4.0] AndroidManifest.xml:31:13-33:52
53                android:name="androidx.lifecycle.ProcessLifecycleInitializer"
53-->[androidx.lifecycle:lifecycle-process:2.4.0] AndroidManifest.xml:32:17-78
54                android:value="androidx.startup" />
54-->[androidx.lifecycle:lifecycle-process:2.4.0] AndroidManifest.xml:33:17-49
55        </provider>
56    </application>
57
58</manifest>